<?xml version="1.0" encoding="UTF-8"?>
<testsuite name="chatper11.composition.PhoneTest" tests="2" skipped="0" failures="0" errors="0" timestamp="2020-05-07T21:21:24" hostname="Johns-MacBook-Pro.local" time="0.026">
  <properties/>
  <testcase name="testNightlyDiscountPolicy_10WonsFor10Seconds" classname="chatper11.composition.PhoneTest" time="0.013"/>
  <testcase name="testRegularPolicy_10WonsFor10seconds" classname="chatper11.composition.PhoneTest" time="0.012"/>
  <system-out><![CDATA[]]></system-out>
  <system-err><![CDATA[]]></system-err>
</testsuite>
