<?xml version="1.0" encoding="UTF-8"?>
<testsuite name="chapter14.FixedFeePolicyTest" tests="1" skipped="1" failures="0" errors="0" timestamp="2020-05-15T20:14:51" hostname="Johns-MacBook-Pro.local" time="211.384">
  <properties/>
  <testcase name="whenCall30SecondsAndPolicyIs10p5wonsFor10secondsThen30wons" classname="chapter14.FixedFeePolicyTest" time="211.384">
    <skipped/>
  </testcase>
  <system-out><![CDATA[]]></system-out>
  <system-err><![CDATA[]]></system-err>
</testsuite>
