<?xml version="1.0" encoding="UTF-8"?>
<testsuite name="chapter12.ProfessorTest" tests="1" skipped="0" failures="0" errors="0" timestamp="2020-05-10T20:11:58" hostname="Johns-MacBook-Pro.local" time="0.051">
  <properties/>
  <testcase name="testCompileStatistics" classname="chapter12.ProfessorTest" time="0.051"/>
  <system-out><![CDATA[]]></system-out>
  <system-err><![CDATA[]]></system-err>
</testsuite>
