<?xml version="1.0" encoding="UTF-8"?>
<testsuite name="chapter12.GradeLectureTest" tests="1" skipped="0" failures="0" errors="0" timestamp="2020-05-09T21:13:39" hostname="Johns-MacBook-Pro.local" time="0.034">
  <properties/>
  <testcase name="test70ScoreGradeLecture" classname="chapter12.GradeLectureTest" time="0.034"/>
  <system-out><![CDATA[]]></system-out>
  <system-err><![CDATA[]]></system-err>
</testsuite>
