<?xml version="1.0" encoding="UTF-8"?>
<testsuite name="chatper11.composition.additional.TaxablePolicyTest" tests="5" skipped="0" failures="0" errors="0" timestamp="2020-05-08T21:24:45" hostname="Johns-MacBook-Pro.local" time="0.022">
  <properties/>
  <testcase name="test_NightlyDiscountPolicy_TaxablePolicy_RateDiscountPolicy" classname="chatper11.composition.additional.TaxablePolicyTest" time="0.017"/>
  <testcase name="test_RegularPolicy_RateDiscountablePolicy_TaxablePolicy" classname="chatper11.composition.additional.TaxablePolicyTest" time="0.001"/>
  <testcase name="test_Nightly_Regular_TaxablePolicy_RateDiscountPolicy" classname="chatper11.composition.additional.TaxablePolicyTest" time="0.0"/>
  <testcase name="test_RegularPolicy_TaxablePolicy" classname="chatper11.composition.additional.TaxablePolicyTest" time="0.001"/>
  <testcase name="test_RegularPolicy_TaxablePolicy_RateDiscountablePolicy" classname="chatper11.composition.additional.TaxablePolicyTest" time="0.001"/>
  <system-out><![CDATA[]]></system-out>
  <system-err><![CDATA[]]></system-err>
</testsuite>
